# JRE version: Java(TM) SE Runtime Environment (8.0_25-b18) (build 1.8.0_25-b18)
# Java VM: Java HotSpot(TM) 64-Bit Server VM (25.25-b02 mixed mode windows-amd64 compressed oops)
Heap:
 PSYoungGen      total 272896K, used 202018K [0x00000000eab00000, 0x00000000fdf00000, 0x0000000100000000)
  eden space 251904K, 71% used [0x00000000eab00000,0x00000000f5bc8c78,0x00000000fa100000)
  from space 20992K, 99% used [0x00000000fbb00000,0x00000000fcf7fd00,0x00000000fcf80000)
  to   space 26624K, 0% used [0x00000000fa100000,0x00000000fa100000,0x00000000fbb00000)
 ParOldGen       total 71680K, used 49927K [0x00000000c0000000, 0x00000000c4600000, 0x00000000eab00000)
  object space 71680K, 69% used [0x00000000c0000000,0x00000000c30c1e90,0x00000000c4600000)
 Metaspace       used 55552K, capacity 59201K, committed 59352K, reserved 1099776K
  class space    used 7850K, capacity 9181K, committed 9216K, reserved 1048576K
GC Heap History (10 events):
Event: 36.035 GC heap before
{Heap before GC invocations=17 (full 2):
 PSYoungGen      total 199168K, used 11248K [0x00000000eab00000, 0x00000000fe000000, 0x0000000100000000)
  eden space 187904K, 0% used [0x00000000eab00000,0x00000000eab00000,0x00000000f6280000)
  from space 11264K, 99% used [0x00000000f6280000,0x00000000f6d7c020,0x00000000f6d80000)
  to   space 17408K, 0% used [0x00000000fcf00000,0x00000000fcf00000,0x00000000fe000000)
 ParOldGen       total 32256K, used 29126K [0x00000000c0000000, 0x00000000c1f80000, 0x00000000eab00000)
  object space 32256K, 90% used [0x00000000c0000000,0x00000000c1c71978,0x00000000c1f80000)
 Metaspace       used 34064K, capacity 35389K, committed 35416K, reserved 1079296K
  class space    used 4487K, capacity 4965K, committed 4992K, reserved 1048576K
Event: 36.387 GC heap after
Heap after GC invocations=17 (full 2):
 PSYoungGen      total 199168K, used 988K [0x00000000eab00000, 0x00000000fe000000, 0x0000000100000000)
  eden space 187904K, 0% used [0x00000000eab00000,0x00000000eab00000,0x00000000f6280000)
  from space 11264K, 8% used [0x00000000f6280000,0x00000000f6377290,0x00000000f6d80000)
  to   space 17408K, 0% used [0x00000000fcf00000,0x00000000fcf00000,0x00000000fe000000)
 ParOldGen       total 71680K, used 32171K [0x00000000c0000000, 0x00000000c4600000, 0x00000000eab00000)
  object space 71680K, 44% used [0x00000000c0000000,0x00000000c1f6adb8,0x00000000c4600000)
 Metaspace       used 34030K, capacity 35275K, committed 35416K, reserved 1079296K
  class space    used 4481K, capacity 4931K, committed 4992K, reserved 1048576K
}
Event: 39.505 GC heap before
{Heap before GC invocations=18 (full 2):
 PSYoungGen      total 199168K, used 188892K [0x00000000eab00000, 0x00000000fe000000, 0x0000000100000000)
  eden space 187904K, 100% used [0x00000000eab00000,0x00000000f6280000,0x00000000f6280000)
  from space 11264K, 8% used [0x00000000f6280000,0x00000000f6377290,0x00000000f6d80000)
  to   space 17408K, 0% used [0x00000000fcf00000,0x00000000fcf00000,0x00000000fe000000)
 ParOldGen       total 71680K, used 32171K [0x00000000c0000000, 0x00000000c4600000, 0x00000000eab00000)
  object space 71680K, 44% used [0x00000000c0000000,0x00000000c1f6adb8,0x00000000c4600000)
 Metaspace       used 39908K, capacity 41483K, committed 41688K, reserved 1085440K
  class space    used 5496K, capacity 6048K, committed 6144K, reserved 1048576K
Event: 39.577 GC heap after
Heap after GC invocations=18 (full 2):
 PSYoungGen      total 248320K, used 17393K [0x00000000eab00000, 0x00000000fe000000, 0x0000000100000000)
  eden space 230912K, 0% used [0x00000000eab00000,0x00000000eab00000,0x00000000f8c80000)
  from space 17408K, 99% used [0x00000000fcf00000,0x00000000fdffc4a0,0x00000000fe000000)
  to   space 21504K, 0% used [0x00000000fb600000,0x00000000fb600000,0x00000000fcb00000)
 ParOldGen       total 71680K, used 34502K [0x00000000c0000000, 0x00000000c4600000, 0x00000000eab00000)
  object space 71680K, 48% used [0x00000000c0000000,0x00000000c21b1848,0x00000000c4600000)
 Metaspace       used 39908K, capacity 41483K, committed 41688K, reserved 1085440K
  class space    used 5496K, capacity 6048K, committed 6144K, reserved 1048576K
}
Event: 40.181 GC heap before
{Heap before GC invocations=19 (full 2):
 PSYoungGen      total 248320K, used 48250K [0x00000000eab00000, 0x00000000fe000000, 0x0000000100000000)
  eden space 230912K, 13% used [0x00000000eab00000,0x00000000ec922360,0x00000000f8c80000)
  from space 17408K, 99% used [0x00000000fcf00000,0x00000000fdffc4a0,0x00000000fe000000)
  to   space 21504K, 0% used [0x00000000fb600000,0x00000000fb600000,0x00000000fcb00000)
 ParOldGen       total 71680K, used 34502K [0x00000000c0000000, 0x00000000c4600000, 0x00000000eab00000)
  object space 71680K, 48% used [0x00000000c0000000,0x00000000c21b1848,0x00000000c4600000)
 Metaspace       used 41171K, capacity 43081K, committed 43352K, reserved 1085440K
  class space    used 5713K, capacity 6424K, committed 6528K, reserved 1048576K
Event: 40.267 GC heap after
Heap after GC invocations=19 (full 2):
 PSYoungGen      total 233984K, used 2822K [0x00000000eab00000, 0x00000000fcf80000, 0x0000000100000000)
  eden space 230912K, 0% used [0x00000000eab00000,0x00000000eab00000,0x00000000f8c80000)
  from space 3072K, 91% used [0x00000000fb600000,0x00000000fb8c1970,0x00000000fb900000)
  to   space 20992K, 0% used [0x00000000fbb00000,0x00000000fbb00000,0x00000000fcf80000)
 ParOldGen       total 71680K, used 50078K [0x00000000c0000000, 0x00000000c4600000, 0x00000000eab00000)
  object space 71680K, 69% used [0x00000000c0000000,0x00000000c30e7978,0x00000000c4600000)
 Metaspace       used 41171K, capacity 43081K, committed 43352K, reserved 1085440K
  class space    used 5713K, capacity 6424K, committed 6528K, reserved 1048576K
}
Event: 40.267 GC heap before
{Heap before GC invocations=20 (full 3):
 PSYoungGen      total 233984K, used 2822K [0x00000000eab00000, 0x00000000fcf80000, 0x0000000100000000)
  eden space 230912K, 0% used [0x00000000eab00000,0x00000000eab00000,0x00000000f8c80000)
  from space 3072K, 91% used [0x00000000fb600000,0x00000000fb8c1970,0x00000000fb900000)
  to   space 20992K, 0% used [0x00000000fbb00000,0x00000000fbb00000,0x00000000fcf80000)
 ParOldGen       total 71680K, used 50078K [0x00000000c0000000, 0x00000000c4600000, 0x00000000eab00000)
  object space 71680K, 69% used [0x00000000c0000000,0x00000000c30e7978,0x00000000c4600000)
 Metaspace       used 41171K, capacity 43081K, committed 43352K, reserved 1085440K
  class space    used 5713K, capacity 6424K, committed 6528K, reserved 1048576K
Event: 41.039 GC heap after
Heap after GC invocations=20 (full 3):
 PSYoungGen      total 233984K, used 0K [0x00000000eab00000, 0x00000000fcf80000, 0x0000000100000000)
  eden space 230912K, 0% used [0x00000000eab00000,0x00000000eab00000,0x00000000f8c80000)
  from space 3072K, 0% used [0x00000000fb600000,0x00000000fb600000,0x00000000fb900000)
  to   space 20992K, 0% used [0x00000000fbb00000,0x00000000fbb00000,0x00000000fcf80000)
 ParOldGen       total 71680K, used 45124K [0x00000000c0000000, 0x00000000c4600000, 0x00000000eab00000)
  object space 71680K, 62% used [0x00000000c0000000,0x00000000c2c11150,0x00000000c4600000)
 Metaspace       used 41171K, capacity 43081K, committed 43352K, reserved 1085440K
  class space    used 5713K, capacity 6424K, committed 6528K, reserved 1048576K
}
Event: 52.578 GC heap before
{Heap before GC invocations=21 (full 3):
 PSYoungGen      total 233984K, used 230912K [0x00000000eab00000, 0x00000000fcf80000, 0x0000000100000000)
  eden space 230912K, 100% used [0x00000000eab00000,0x00000000f8c80000,0x00000000f8c80000)
  from space 3072K, 0% used [0x00000000fb600000,0x00000000fb600000,0x00000000fb900000)
  to   space 20992K, 0% used [0x00000000fbb00000,0x00000000fbb00000,0x00000000fcf80000)
 ParOldGen       total 71680K, used 45124K [0x00000000c0000000, 0x00000000c4600000, 0x00000000eab00000)
  object space 71680K, 62% used [0x00000000c0000000,0x00000000c2c11150,0x00000000c4600000)
 Metaspace       used 49683K, capacity 52768K, committed 52824K, reserved 1093632K
  class space    used 6919K, capacity 8019K, committed 8064K, reserved 1048576K
Event: 52.629 GC heap after
Heap after GC invocations=21 (full 3):
 PSYoungGen      total 272896K, used 20991K [0x00000000eab00000, 0x00000000fdf00000, 0x0000000100000000)
  eden space 251904K, 0% used [0x00000000eab00000,0x00000000eab00000,0x00000000fa100000)
  from space 20992K, 99% used [0x00000000fbb00000,0x00000000fcf7fd00,0x00000000fcf80000)
  to   space 26624K, 0% used [0x00000000fa100000,0x00000000fa100000,0x00000000fbb00000)
 ParOldGen       total 71680K, used 49927K [0x00000000c0000000, 0x00000000c4600000, 0x00000000eab00000)
  object space 71680K, 69% used [0x00000000c0000000,0x00000000c30c1e90,0x00000000c4600000)
 Metaspace       used 49683K, capacity 52768K, committed 52824K, reserved 1093632K
  class space    used 6919K, capacity 8019K, committed 8064K, reserved 1048576K
}

